This is pdfTeX, Version 3.1415926-2.4-1.40.13 (MiKTeX 2.9 64-bit) (preloaded format=pdflatex 2014.3.14)  24 APR 2014 16:24
entering extended mode
**final.tex
(C:\Users\sding\Documents\GitHub\585xproject\final.tex
LaTeX2e <2011/06/27>
Babel <v3.8m> and hyphenation patterns for english, afrikaans, ancientgreek, ar
abic, armenian, assamese, basque, bengali, bokmal, bulgarian, catalan, coptic, 
croatian, czech, danish, dutch, esperanto, estonian, farsi, finnish, french, ga
lician, german, german-x-2012-05-30, greek, gujarati, hindi, hungarian, iceland
ic, indonesian, interlingua, irish, italian, kannada, kurmanji, latin, latvian,
 lithuanian, malayalam, marathi, mongolian, mongolianlmc, monogreek, ngerman, n
german-x-2012-05-30, nynorsk, oriya, panjabi, pinyin, polish, portuguese, roman
ian, russian, sanskrit, serbian, slovak, slovenian, spanish, swedish, swissgerm
an, tamil, telugu, turkish, turkmen, ukenglish, ukrainian, uppersorbian, usengl
ishmax, welsh, loaded.
(E:\mike\tex\latex\base\article.cls
Document Class: article 2007/10/19 v1.4h Standard LaTeX document class
(E:\mike\tex\latex\base\size10.clo
File: size10.clo 2007/10/19 v1.4h Standard LaTeX file (size option)
)
\c@part=\count79
\c@section=\count80
\c@subsection=\count81
\c@subsubsection=\count82
\c@paragraph=\count83
\c@subparagraph=\count84
\c@figure=\count85
\c@table=\count86
\abovecaptionskip=\skip41
\belowcaptionskip=\skip42
\bibindent=\dimen102
) (E:\mike\tex\latex\graphics\graphicx.sty
Package: graphicx 1999/02/16 v1.0f Enhanced LaTeX Graphics (DPC,SPQR)

(E:\mike\tex\latex\graphics\keyval.sty
Package: keyval 1999/03/16 v1.13 key=value parser (DPC)
\KV@toks@=\toks14
)
(E:\mike\tex\latex\graphics\graphics.sty
Package: graphics 2009/02/05 v1.0o Standard LaTeX Graphics (DPC,SPQR)
 (E:\mike\tex\latex\graphics\trig.sty
Package: trig 1999/03/16 v1.09 sin cos tan (DPC)
)
(E:\mike\tex\latex\00miktex\graphics.cfg
File: graphics.cfg 2007/01/18 v1.5 graphics configuration of teTeX/TeXLive
)
Package graphics Info: Driver file: pdftex.def on input line 91.

(E:\mike\tex\latex\pdftex-def\pdftex.def
File: pdftex.def 2011/05/27 v0.06d Graphics/color for pdfTeX

(E:\mike\tex\generic\oberdiek\infwarerr.sty
Package: infwarerr 2010/04/08 v1.3 Providing info/warning/error messages (HO)
)
(E:\mike\tex\generic\oberdiek\ltxcmds.sty
Package: ltxcmds 2011/11/09 v1.22 LaTeX kernel commands for general use (HO)
)
\Gread@gobject=\count87
))
\Gin@req@height=\dimen103
\Gin@req@width=\dimen104
)
(E:\mike\tex\latex\graphics\color.sty
Package: color 2005/11/14 v1.0j Standard LaTeX Color (DPC)
 (E:\mike\tex\latex\00miktex\color.cfg
File: color.cfg 2007/01/18 v1.5 color configuration of teTeX/TeXLive
)
Package color Info: Driver file: pdftex.def on input line 130.
)
(E:\mike\tex\latex\framed\framed.sty
Package: framed 2011/10/22 v 0.96: framed or shaded text with page breaks
\OuterFrameSep=\skip43
\fb@frw=\dimen105
\fb@frh=\dimen106
\FrameRule=\dimen107
\FrameSep=\dimen108
) (E:\mike\tex\latex\base\alltt.sty
Package: alltt 1997/06/16 v2.0g defines alltt environment
)
(E:\mike\tex\latex\float\float.sty
Package: float 2001/11/08 v1.3d Float enhancements (AL)
\c@float@type=\count88
\float@exts=\toks15
\float@box=\box26
\@float@everytoks=\toks16
\@floatcapt=\box27
) (E:\mike\tex\latex\geometry\geometry.sty
Package: geometry 2010/09/12 v5.6 Page Geometry

(E:\mike\tex\generic\oberdiek\ifpdf.sty
Package: ifpdf 2011/01/30 v2.3 Provides the ifpdf switch (HO)
Package ifpdf Info: pdfTeX in PDF mode is detected.
)
(E:\mike\tex\generic\oberdiek\ifvtex.sty
Package: ifvtex 2010/03/01 v1.5 Detect VTeX and its facilities (HO)
Package ifvtex Info: VTeX not detected.
)
(E:\mike\tex\generic\ifxetex\ifxetex.sty
Package: ifxetex 2010/09/12 v0.6 Provides ifxetex conditional
)
\Gm@cnth=\count89
\Gm@cntv=\count90
\c@Gm@tempcnt=\count91
\Gm@bindingoffset=\dimen109
\Gm@wd@mp=\dimen110
\Gm@odd@mp=\dimen111
\Gm@even@mp=\dimen112
\Gm@layoutwidth=\dimen113
\Gm@layoutheight=\dimen114
\Gm@layouthoffset=\dimen115
\Gm@layoutvoffset=\dimen116
\Gm@dimlist=\toks17

(E:\mike\tex\latex\geometry\geometry.cfg))
(E:\mike\tex\latex\upquote\upquote.sty
Package: upquote 2012/04/19 v1.3 upright-quote and grave-accent glyphs in verba
tim
)
(C:\Users\sding\Documents\GitHub\585xproject\final.aux)
LaTeX Font Info:    Checking defaults for OML/cmm/m/it on input line 59.
LaTeX Font Info:    ... okay on input line 59.
LaTeX Font Info:    Checking defaults for T1/cmr/m/n on input line 59.
LaTeX Font Info:    ... okay on input line 59.
LaTeX Font Info:    Checking defaults for OT1/cmr/m/n on input line 59.
LaTeX Font Info:    ... okay on input line 59.
LaTeX Font Info:    Checking defaults for OMS/cmsy/m/n on input line 59.
LaTeX Font Info:    ... okay on input line 59.
LaTeX Font Info:    Checking defaults for OMX/cmex/m/n on input line 59.
LaTeX Font Info:    ... okay on input line 59.
LaTeX Font Info:    Checking defaults for U/cmr/m/n on input line 59.
LaTeX Font Info:    ... okay on input line 59.

(E:\mike\tex\context\base\supp-pdf.mkii
[Loading MPS to PDF converter (version 2006.09.02).]
\scratchcounter=\count92
\scratchdimen=\dimen117
\scratchbox=\box28
\nofMPsegments=\count93
\nofMParguments=\count94
\everyMPshowfont=\toks18
\MPscratchCnt=\count95
\MPscratchDim=\dimen118
\MPnumerator=\count96
\makeMPintoPDFobject=\count97
\everyMPtoPDFconversion=\toks19
)
*geometry* driver: auto-detecting
*geometry* detected driver: pdftex
*geometry* verbose mode - [ preamble ] result:
* driver: pdftex
* paper: <default>
* layout: <same size as paper>
* layoutoffset:(h,v)=(0.0pt,0.0pt)
* modes: 
* h-part:(L,W,R)=(72.26999pt, 469.75502pt, 72.26999pt)
* v-part:(T,H,B)=(72.26999pt, 650.43001pt, 72.26999pt)
* \paperwidth=614.295pt
* \paperheight=794.96999pt
* \textwidth=469.75502pt
* \textheight=650.43001pt
* \oddsidemargin=0.0pt
* \evensidemargin=0.0pt
* \topmargin=-37.0pt
* \headheight=12.0pt
* \headsep=25.0pt
* \topskip=10.0pt
* \footskip=30.0pt
* \marginparwidth=65.0pt
* \marginparsep=11.0pt
* \columnsep=10.0pt
* \skip\footins=9.0pt plus 4.0pt minus 2.0pt
* \hoffset=0.0pt
* \voffset=0.0pt
* \mag=1000
* \@twocolumnfalse
* \@twosidefalse
* \@mparswitchfalse
* \@reversemarginfalse
* (1in=72.27pt=25.4mm, 1cm=28.453pt)

LaTeX Font Info:    External font `cmex10' loaded for size
(Font)              <12> on input line 62.
LaTeX Font Info:    External font `cmex10' loaded for size
(Font)              <8> on input line 62.
LaTeX Font Info:    External font `cmex10' loaded for size
(Font)              <6> on input line 62.

! LaTeX Error: Something's wrong--perhaps a missing \item.

See the LaTeX manual or LaTeX Companion for explanation.
Type  H <return>  for immediate help.
 ...                                              
                                                  
l.70 \end{enumerate}
                    
Try typing  <return>  to proceed.
If that doesn't work, type  X <return>  to quit.


! LaTeX Error: Something's wrong--perhaps a missing \item.

See the LaTeX manual or LaTeX Companion for explanation.
Type  H <return>  for immediate help.
 ...                                              
                                                  
l.75 \end{enumerate}
                    
Try typing  <return>  to proceed.
If that doesn't work, type  X <return>  to quit.


! LaTeX Error: Something's wrong--perhaps a missing \item.

See the LaTeX manual or LaTeX Companion for explanation.
Type  H <return>  for immediate help.
 ...                                              
                                                  
l.80 \end{enumerate}
                    
Try typing  <return>  to proceed.
If that doesn't work, type  X <return>  to quit.


! LaTeX Error: Something's wrong--perhaps a missing \item.

See the LaTeX manual or LaTeX Companion for explanation.
Type  H <return>  for immediate help.
 ...                                              
                                                  
l.84 \end{enumerate}
                    
Try typing  <return>  to proceed.
If that doesn't work, type  X <return>  to quit.


Overfull \hbox (129.88512pt too wide) in paragraph at lines 83--84
\OT1/cmr/m/n/10 These data of United King-dom is ob-tained from An-i-mal Health
 and Vet-eri-nary Lab-o-ra-to-ries Agency,"http://www.defra.gov.uk/ahvla-
 []

[1

{C:/Users/sding/AppData/Local/MiKTeX/2.9/pdftex/config/pdftex.map}]
Package color Info: Redefining color shadecolor on input line 101.
LaTeX Font Info:    Font shape `OT1/cmtt/bx/n' in size <8> not available
(Font)              Font shape `OT1/cmtt/m/n' tried instead on input line 103.

<figure/subset.pdf, id=9, 867.24pt x 433.62pt>
File: figure/subset.pdf Graphic file (type pdf)
 <use figure/subset.pdf>
Package pdftex.def Info: figure/subset.pdf used on input line 123.
(pdftex.def)             Requested size: 469.75502pt x 234.87912pt.
 [2]
Package color Info: Redefining color shadecolor on input line 135.

<figure/GB.pdf, id=15, 1011.78pt x 433.62pt>
File: figure/GB.pdf Graphic file (type pdf)
 <use figure/GB.pdf>
Package pdftex.def Info: figure/GB.pdf used on input line 153.
(pdftex.def)             Requested size: 469.75502pt x 201.32686pt.
 [3 <C:/Users/sding/Documents/GitHub/585xproject/figure/subset.pdf>]
Package color Info: Redefining color shadecolor on input line 166.

Overfull \hbox (57.25255pt too wide) in paragraph at lines 184--184
[][]\OT1/cmtt/m/n/8 age.sub[][]$[][]"# per million by data of confirmation"[] [
]<-[] []as.numeric[][]([][]as.character[][](age.sub[][]$[][]"# per million by d
ata of confirmation"[][]))[][] 
 []

<figure/r.pdf, id=25, 289.08pt x 216.81pt>
File: figure/r.pdf Graphic file (type pdf)
 <use figure/r.pdf>
Package pdftex.def Info: figure/r.pdf used on input line 192.
(pdftex.def)             Requested size: 469.75502pt x 352.33522pt.
 [4 <C:/Users/sding/Documents/GitHub/585xproject/figure/GB.pdf>]
Package color Info: Redefining color shadecolor on input line 200.

<figure/percent.pdf, id=35, 289.08pt x 361.35pt>
File: figure/percent.pdf Graphic file (type pdf)
 <use figure/percent.pdf>
Package pdftex.def Info: figure/percent.pdf used on input line 202.
(pdftex.def)             Requested size: 469.75502pt x 587.2254pt.

[5 <C:/Users/sding/Documents/GitHub/585xproject/figure/r.pdf>] [6 <C:/Users/sdi
ng/Documents/GitHub/585xproject/figure/percent.pdf>]
Package color Info: Redefining color shadecolor on input line 213.

<figure/map.pdf, id=52, 578.16pt x 361.35pt>
File: figure/map.pdf Graphic file (type pdf)
 <use figure/map.pdf>
Package pdftex.def Info: figure/map.pdf used on input line 261.
(pdftex.def)             Requested size: 469.75502pt x 293.59616pt.
 [7]
Package color Info: Redefining color shadecolor on input line 269.

<figure/farm.pdf, id=57, 578.16pt x 361.35pt>
File: figure/farm.pdf Graphic file (type pdf)
 <use figure/farm.pdf>
Package pdftex.def Info: figure/farm.pdf used on input line 271.
(pdftex.def)             Requested size: 469.75502pt x 293.59616pt.
 [8 <C:/Users/sding/Documents/GitHub/585xproject/figure/map.pdf>]
Package color Info: Redefining color shadecolor on input line 281.
LaTeX Font Info:    Try loading font information for OMS+cmtt on input line 290
.

(E:/R-30~1.3/share/texmf/tex/latex\omscmtt.fd
File: omscmtt.fd 
)
LaTeX Font Info:    Font shape `OMS/cmtt/m/n' in size <8> not available
(Font)              Font shape `OMS/cmsy/m/n' tried instead on input line 290.

Overfull \hbox (48.75243pt too wide) in paragraph at lines 297--297
[]    []\OT1/cmtt/m/n/8 red[][]$[][]"percent reduction year on year(confirmed)"
[][][i][] []<-[] []as.numeric[][](([][]-[][]red[][]$[][]SLAUGHTERED.SUSPECTS.IN
.WHICH.BSE.CONFIRMED[i[] []-[][] 
 []


Overfull \hbox (23.25206pt too wide) in paragraph at lines 298--298
[]        []\OT1/cmtt/m/n/8 1[][]][] []+[] []red[][]$[][]SLAUGHTERED.SUSPECTS.I
N.WHICH.BSE.CONFIRMED[i])[][]/[][]red[][]$[][]SLAUGHTERED.SUSPECTS.IN.WHICH.BSE
.CONFIRMED[i[] []-[][] 
 []

[9 <C:/Users/sding/Documents/GitHub/585xproject/figure/farm.pdf>]
<figure/reduction.pdf, id=79, 578.16pt x 361.35pt>
File: figure/reduction.pdf Graphic file (type pdf)
 <use figure/reduction.pdf>
Package pdftex.def Info: figure/reduction.pdf used on input line 317.
(pdftex.def)             Requested size: 469.75502pt x 293.59616pt.
Package color Info: Redefining color shadecolor on input line 327.

<figure/age.pdf, id=80, 578.16pt x 361.35pt>
File: figure/age.pdf Graphic file (type pdf)
 <use figure/age.pdf>
Package pdftex.def Info: figure/age.pdf used on input line 353.
(pdftex.def)             Requested size: 469.75502pt x 293.59616pt.
 [10 <C:/Users/sding/Documents/GitHub/585xproject/figure/reduction.pdf>]
Package color Info: Redefining color shadecolor on input line 364.

<figure/recent.pdf, id=90, 578.16pt x 361.35pt>
File: figure/recent.pdf Graphic file (type pdf)
 <use figure/recent.pdf>
Package pdftex.def Info: figure/recent.pdf used on input line 384.
(pdftex.def)             Requested size: 469.75502pt x 293.59616pt.

[11 <C:/Users/sding/Documents/GitHub/585xproject/figure/age.pdf>]
<C:/Users/sding/Documents/GitHub/585xproject/shin/shiny.png, id=100, 1253.43282
pt x 741.52031pt>
File: C:/Users/sding/Documents/GitHub/585xproject/shin/shiny.png Graphic file (
type png)

<use C:/Users/sding/Documents/GitHub/585xproject/shin/shiny.png>
Package pdftex.def Info: C:/Users/sding/Documents/GitHub/585xproject/shin/shiny
.png used on input line 397.
(pdftex.def)             Requested size: 469.75502pt x 277.8997pt.

Overfull \hbox (15.0pt too wide) in paragraph at lines 397--399
[][]
 []

[12 <C:/Users/sding/Documents/GitHub/585xproject/figure/recent.pdf>]
! Missing $ inserted.
<inserted text> 
                $
l.401 ...unction in class),percent and percentage_
                                                  reduction. This is not qui...
I've inserted a begin-math/end-math symbol since I think
you left one out. Proceed, with fingers crossed.

LaTeX Font Info:    External font `cmex10' loaded for size
(Font)              <7> on input line 401.
LaTeX Font Info:    External font `cmex10' loaded for size
(Font)              <5> on input line 401.
! Missing $ inserted.
<inserted text> 
                $
l.402 
      
I've inserted a begin-math/end-math symbol since I think
you left one out. Proceed, with fingers crossed.

! Missing $ inserted.
<inserted text> 
                $
l.406 percent_
              reduction: This function to calculate percent reduction year o...
I've inserted a begin-math/end-math symbol since I think
you left one out. Proceed, with fingers crossed.

! Missing $ inserted.
<inserted text> 
                $
l.407 
      
I've inserted a begin-math/end-math symbol since I think
you left one out. Proceed, with fingers crossed.


Overfull \hbox (149.41463pt too wide) in paragraph at lines 403--407
\OT1/cmr/m/n/10 poly-gons per-cent: The func-tion to for-mat data into per-cent
-age for-mat percent$[]\OML/cmm/m/it/10 eduction \OT1/cmr/m/n/10 : \OML/cmm/m/i
t/10 Thisfunctiontocalculatepercentreductionyearonyear$ 
 []

[13 <C:/Users/sding/Documents/GitHub/585xproject/shin/shiny.png>]
(C:\Users\sding\Documents\GitHub\585xproject\final.aux) ) 
Here is how much of TeX's memory you used:
 1910 strings out of 493921
 25622 string characters out of 3155302
 92974 words of memory out of 3000000
 5192 multiletter control sequences out of 15000+200000
 7923 words of font info for 29 fonts, out of 3000000 for 9000
 841 hyphenation exceptions out of 8191
 27i,7n,32p,779b,314s stack positions out of 5000i,500n,10000p,200000b,50000s
<E:/mike/fonts/type1/p
ublic/amsfonts/cm/cmbx12.pfb><E:/mike/fonts/type1/public/amsfonts/cm/cmitt10.pf
b><E:/mike/fonts/type1/public/amsfonts/cm/cmmi10.pfb><E:/mike/fonts/type1/publi
c/amsfonts/cm/cmmi7.pfb><E:/mike/fonts/type1/public/amsfonts/cm/cmr10.pfb><E:/m
ike/fonts/type1/public/amsfonts/cm/cmr12.pfb><E:/mike/fonts/type1/public/amsfon
ts/cm/cmr17.pfb><E:/mike/fonts/type1/public/amsfonts/cm/cmsy8.pfb><E:/mike/font
s/type1/public/amsfonts/cm/cmtt8.pfb>
Output written on final.pdf (13 pages, 291844 bytes).
PDF statistics:
 148 PDF objects out of 1000 (max. 8388607)
 0 named destinations out of 1000 (max. 500000)
 51 words of extra memory for PDF output out of 10000 (max. 10000000)

